     1                                  ; ****************************************************************************
     2                                  ; FDBS2880.ASM - Retro DOS v2.0 - FAT12 FD BOOT SECTOR (3 1/2", 2.88 MB)
     3                                  ; ----------------------------------------------------------------------------
     4                                  ; Last Update: 25/10/2023  (Previous: 27/03/2018) -different boot sector code-
     5                                  ; Last Update: 23/02/2018
     6                                  ; ----------------------------------------------------------------------------
     7                                  ; Beginning: 12/02/2018
     8                                  ; ----------------------------------------------------------------------------
     9                                  ; Assembler: NASM version 2.11 (fdbs2880.s)
    10                                  ; ----------------------------------------------------------------------------
    11                                  ; Retro DOS Operating System Project by ERDOGAN TAN (Beginning: 04/02/2018)
    12                                  ; ----------------------------------------------------------------------------
    13                                  ; Derived from TRDOS Operating System v2.0 (386) boot sector source code 
    14                                  ; by Erdogan Tan. 'trfdbs.s' (12/02/2018)
    15                                  ; ****************************************************************************
    16                                  
    17                                  notvalidfmask   equ	0018h
    18                                  
    19                                  root_dir_buff   equ	7E00h
    20                                  
    21                                  rts_segment     equ	1000h  ; Retro DOS 2.0 ; 27/03/2018
    22                                  
    23                                  ;rts_segment	equ	0060h  ; Retro DOS 1.0
    24                                  
    25                                  FAT_Buffer      equ	7E00h
    26                                  
    27                                  ; 24/10/2023
    28                                  root_FAT_buffer equ	7E00h
    29                                  
    30                                  [BITS 16]
    31                                  [ORG 7C00h]
    32                                  
    33 00000000 EB46                                    jmp     short BS_01
    34 00000002 90                                      nop
    35                                  
    36                                  ; BootSector Identification (Data) Block
    37                                  
    38 00000003 524554524F444F53        bsOemName:      db 'RETRODOS'          
    39 0000000B 0002                    bsBytesPerSec:  dw 512
    40 0000000D 02                      bsSecPerClust:  db 2
    41 0000000E 0100                    bsResSectors:   dw 1
    42 00000010 02                      bsFATs:         db 2
    43 00000011 F000                    bsRootDirEnts:  dw 240
    44 00000013 8016                    bsSectors:      dw 5760
    45 00000015 F0                      bsMedia:        db 0F0h
    46 00000016 0900                    bsFATsecs:      dw 9
    47 00000018 2400                    bsSecPerTrack:  dw 36
    48 0000001A 0200                    bsHeads:        dw 2
    49 0000001C 0000                    bsHidden1:      dw 0
    50 0000001E 0000                    bsHidden2:      dw 0
    51 00000020 80160000                bsHugeSectors:  dd 5760
    52 00000024 00                      bsDriveNumber:  db 0
    53 00000025 00                      bsReserved1:    db 0
    54 00000026 29                      bsBpbSignature: db 29h                 
    55 00000027 00000000                bsVolumeID:     dd 0
    56 0000002B 4E4F204E414D452020-     bsVolumeLabel:  db 'NO NAME    '
    56 00000034 2020               
    57 00000036 4641543132202020        bsFileSysType:  db 'FAT12   '
    58                                  ;bsReserved2:	dw 'v2'	; Retro DOS 2.0 ; 27/03/2018
    59 0000003E 7634                    bsReserved2:	dw 'v4'	; Retro DOS 4.0 ; 24/10/2023
    60                                  ; Retro DOS 1.0 Extensions
    61                                  ;bsReserved2:	dw 'v1'
    62 00000040 2200                    bsDataStart:    dw 34
    63 00000042 1300                    bsRootDirStart:	dw 19
    64 00000044 0F00                    bsRootDirSects:	dw 15
    65                                  
    66                                  ; 24/10/2023
    67 00000046 1000                    bsDirEntsPerSec: dw 16        
    68                                  
    69                                  BS_01:          
    70 00000048 8CC8                                    mov	ax, cs
    71 0000004A 8ED8                    		mov	ds, ax
    72 0000004C 8EC0                    		mov	es, ax
    73                                  		
    74 0000004E FA                      		cli
    75 0000004F 8ED0                    		mov	ss, ax
    76 00000051 BCFEFF                  		mov     sp, 0FFFEh
    77 00000054 FB                      		sti
    78                                  
    79                                  		; 24/10/2023
    80                                  		; check for 2.88MB only
    81                                  		; (sectors per cluster value must be 2)
    82                                  		; ((it is necessary for accessing all of 5760 sectors))
    83                                  		;
    84                                  		;cmp	byte [bsSecPerClust], 2	; !*+
    85                                  		;jne	short BS_04_ERR	; write "replace disk .." message
    86                                  
    87                                  		; 24/10/2023
    88                                  		;mov	bp, sp
    89                                  
    90                                  		; 25/10/2023
    91                                  		; (DL = boot drive number -from INT 19h-
    92                                  		; DL value is not changed in this boot sector code.
    93                                  		; No need to save boot drive number.)
    94                                  		;
    95                                  		; overwrite fd drive number !
    96                                                  ;mov	[bsDriveNumber], dl 	; drive number from INT 19h
    97                                  ;BS_02:
    98 00000055 A1[4200]                		mov	ax, [bsRootDirStart]	; Root Dir Location
    99                                  		; 24/10/2023
   100 00000058 8B2E[4400]              		mov	bp, [bsRootDirSects]
   101                                  BS_02:
   102 0000005C E88100                  		call	fd_read_1
   103 0000005F 7227                    		jc      short BS_05		; Disk read error message
   104                                  
   105                                  		; 24/10/2023
   106                                                  ;;mov	ax, 19                  ; Root Dir Location
   107                                  		;mov	ax, [bsRootDirStart]
   108                                  		;;mov	cx, 15                  ; Root Directory Sectors
   109                                                  ;mov	cx, [bsRootDirSects]
   110                                  		;mov	bx, root_dir_buff       ; Destination offset = 7E00h
   111                                                  ;mov	si, bx
   112                                                  ;call	fd_read
   113                                  		;jc	short BS_04		; Disk read error message
   114                                  
   115                                  		; 24/10/2023
   116                                  		; ax = next root directory sector
   117                                  
   118                                  		; 24/10/2023
   119                                                  ;mov	bx, 240
   120                                  		;mov	bx, [bsRootDirEnts]	; Number of root dir entries
   121 00000061 8B1E[4600]              		mov	bx, [bsDirEntsPerSec]
   122 00000065 BE007E                                  mov	si, root_dir_buff
   123                                  BS_03:          
   124                                  		; 24/10/2023
   125 00000068 383C                    		cmp     byte [si], bh ; 0
   126                                  		;cmp	byte [si], 0		; Is it null entry?
   127 0000006A 7417                                    je      short BS_04_ERR		; Jump if zero ( = )
   128 0000006C B90B00                                  mov     cx, 11			; Size of file/directory name
   129 0000006F 56                                      push    si
   130 00000070 BF[F201]                                mov     di, rtsfilename   
   131 00000073 F3A6                                    repe    cmpsb                   ; Repeat if ZF = 1, CX > 0
   132                                  						; Cmp byte DS:SI with ES:DI
   133 00000075 5E                                      pop	si
   134 00000076 741C                                    je      short BS_07		; If the file name found
   135 00000078 4B                                      dec     bx                    
   136 00000079 7405                                    jz      short BS_04		; Jump if no next entry
   137 0000007B 83C620                                  add     si, 32                  ; To next directory entry
   138 0000007E EBE8                                    jmp     short BS_03             ; Jump for next sector
   139                                  BS_04:
   140                                  		; 24/10/2023
   141                                  		;dec	word [bsRootDirSects]
   142                                  		;jz	short BS_04_ERR
   143                                  		;inc	word [bsRootDirStart]
   144                                  		;jmp	short BS_02
   145 00000080 4D                      		dec	bp
   146 00000081 75D9                    		jnz	short BS_02
   147                                  BS_04_ERR:
   148 00000083 BE[9201]                                mov     si, Replace_Msg
   149 00000086 EB03                                    jmp     short BS_06
   150                                  BS_05:      
   151 00000088 BE[8A01]                                mov     si, Error_Msg
   152                                  BS_06:          
   153 0000008B E83700                                  call    print_msg
   154                                  
   155 0000008E 31C0                                    xor	ax, ax
   156 00000090 CD16                    		int	16h			; BIOS Service func ( ah ) = 0
   157                                  						; Read next kbd char
   158                                  						; AH-scan code AL-char code
   159 00000092 CD19                    		int	19h			; Reboot
   160                                  
   161                                  BS_07:
   162                                  		;mov	al, [si+0Bh]		; Move attributes byte to BL
   163                                                  ;and	al, notvalidfmask       ; Is it a file, really?
   164                                                  ; 24/10/2023
   165 00000094 F6440B18                		test	byte [si+0Bh], notvalidfmask
   166 00000098 75E9                    		jnz	short BS_04_ERR		; Jump if not
   167 0000009A 8B441A                                  mov     ax, [si+1Ah]		; First cluster of the file
   168 0000009D 83F802                                  cmp     ax, 2                   ; Start cluster
   169 000000A0 72E6                                    jb      short BS_05
   170                                  		
   171                                                  ;mov	[bsReserved2], ax	; Save the first cluster
   172                                  		; 24/10/2023
   173 000000A2 50                      		push	ax
   174                                  
   175                                  		; Load  RTS (Kernel) file
   176 000000A3 BE[CF01]                                mov     si, Loading_Msg
   177 000000A6 E81C00                                  call    print_msg
   178                                      
   179                                  		; 24/10/2023
   180                                  		;; Load FAT
   181                                                  ;;mov	ax, 1                   ; FAT Location
   182                                                  ;mov	ax, [bsResSectors]
   183                                  		;;mov	cx, 9                   ; FAT Sectors
   184                                                  ;mov	cx, [bsFATsecs]
   185                                  		;mov	bx, FAT_Buffer    
   186                                                  ;call	fd_read
   187                                                  ;jc	short BS_05
   188                                  		
   189                                  		; 24/10/2023
   190                                  		;; Load  RTS (Kernel) file
   191                                                  ;mov	si, Loading_Msg
   192                                                  ;call	print_msg
   193                                  
   194 000000A9 58                      		pop	ax
   195                                                  ;mov	ax, [bsReserved2]	; The First cluster
   196 000000AA BB0010                                  mov     bx, rts_segment
   197 000000AD 8EC3                                    mov     es, bx
   198 000000AF 31DB                                    xor     bx, bx
   199 000000B1 E86500                                  call    load_file
   200 000000B4 72CA                                    jc      short BS_04
   201                                  
   202                                  		; Launch RTS (Kernel)
   203                                     		;mov	ax, es
   204                                  		;cli
   205                                                  ;mov	ss, ax
   206                                                  ;mov	sp, 0FFFEh
   207                                                  ;sti
   208                                                  ;mov	dl, [bsDriveNumber]
   209                                                  ;mov	ax, rts_segment ; 60h
   210                                                  ;mov	ds, ax
   211                                                  ;mov	es, ax
   212                                               
   213 000000B6 BD007C                  		mov 	bp, 7C00h
   214                                  
   215                                  		; Retro DOS 2.0 ; 27/03/2018
   216 000000B9 8A36[1500]              		mov	dh, [bsMedia]
   217 000000BD A1[1300]                		mov	ax, [bsSectors] ; 5760 sectors, 2.88 MB
   218                                  
   219 000000C0 EA00000010              		jmp	rts_segment:0
   220                                  
   221                                                  ;db	0EAh
   222                                                  ;dw	0
   223                                                  ;dw	rts_segment
   224                                  
   225                                  print_msg:
   226                                  BS_08:
   227 000000C5 AC                      		lodsb				; Load byte at DS:SI to AL
   228 000000C6 20C0                                    and     al, al            
   229 000000C8 7415                                    jz	short BS_10		; If AL = 00h then stop
   230                                  
   231 000000CA B40E                                    mov     ah, 0Eh
   232 000000CC BB0700                                  mov     bx, 07h             
   233 000000CF CD10                    		int	10h			; BIOS Service func ( ah ) = 0Eh
   234                                  						; Write char as TTY
   235                                  						; AL-char BH-page BL-color
   236 000000D1 EBF2                                    jmp     short BS_08
   237                                  
   238                                  BS_09:	
   239                                  		; 24/10/2023   
   240 000000D3 FECD                    		dec	ch
   241                                  		;dec	byte [RetryCount]
   242 000000D5 7408                    		jz	short BS_10 ; cf = 1
   243                                  
   244                                  		; 24/10/2023
   245                                  		;; Reset disk system
   246                                  		;push	ax
   247                                  		;xor	ah, ah
   248                                                  ;;mov	dl, [bsDriveNumber]
   249                                  		;int	13h
   250                                                  ;pop	ax
   251                                  		;jnc	short BS_12
   252                                  
   253                                  		; 24/10/2023
   254 000000D7 50                      		push	ax
   255 000000D8 31C0                    		xor	ax, ax 
   256                                  		; ah = 0 ; INT 13h reset function
   257 000000DA CD13                    		int	13h
   258 000000DC 58                      		pop	ax
   259 000000DD 7308                    		jnc	short BS_11
   260                                  BS_10:
   261 000000DF C3                      		retn
   262                                   
   263                                  fd_read_1:
   264                                  		; 24/10/2023
   265 000000E0 B101                    		mov	cl, 1	; read 1 sector (only)
   266 000000E2 BB007E                  		mov	bx, root_FAT_buffer ; *-* ; 7E00h
   267                                  fd_read_2:
   268                                  ;fd_read:
   269                                                  ; Only for FAT12 Floppy Disks
   270                                                  
   271                                  		; 24/10/2023
   272 000000E5 B504                                    mov	ch, 4
   273                                  		;mov	byte [RetryCount], 4
   274                                  BS_11:
   275 000000E7 51                                      push    cx
   276 000000E8 50                                      push    ax                      ; PHYSICAL ADRESS CALCULATION
   277                                                  ;mov	cl, 36			; Sectors per track
   278 000000E9 8A0E[1800]                              mov	cl, [bsSecPerTrack]
   279 000000ED F6F1                    		div     cl                      
   280 000000EF 88E1                                    mov     cl, ah                  ; Sector (zero based)
   281 000000F1 FEC1                                    inc     cl                      ; To make it 1 based
   282                                                  ;xor	ah, ah
   283                                                  ;mov	dl, 2			; Heads 
   284                                                  ;div	dl
   285                                                                                  ; AL=cyl, AH=head, CL=sector
   286                                                  ;mov	dh, ah
   287 000000F3 28F6                    		sub	dh, dh
   288 000000F5 D0E8                    		shr	al, 1
   289 000000F7 80D600                  		adc	dh, 0
   290 000000FA 88C5                                    mov     ch, al            
   291                                  
   292                                  		;mov	dl, [bsDriveNumber]	; (!DL has not been changed!)
   293                                                  ; 24/10/2023
   294                                  		; dl = [bsDriveNumber]
   295                                  
   296 000000FC B80102                                  mov     ax, 0201h
   297                                  		
   298 000000FF CD13                    		int	13h			; BIOS Service func ( ah ) = 2
   299                                  						; Read disk sectors
   300                                  						; AL-sec num CH-track CL-sec
   301                                  						; DH-head DL-drive ES:BX-buffer
   302                                  						; CF-flag AH-stat AL-sec read
   303 00000101 58                      		pop	ax			
   304 00000102 59                                      pop     cx
   305 00000103 72CE                                    jc      short BS_09
   306 00000105 40                                      inc     ax
   307                                  	                
   308                                                  ;add	bx, 512
   309 00000106 80C702                  	        add	bh, 2
   310 00000109 7309                    		jnc	short BS_12
   311 0000010B 53                      		push	bx
   312 0000010C 8CC3                    		mov	bx, es
   313                                  		;add	bx, 1000h
   314 0000010E 80C710                  		add	bh, 10h
   315 00000111 8EC3                    		mov	es, bx
   316 00000113 5B                      		pop	bx
   317                                  BS_12:
   318                                  		;dec	cx
   319 00000114 FEC9                                    dec	cl
   320 00000116 75CD                    		jnz	short fd_read_2	; 24/10/2023
   321 00000118 C3                      		retn
   322                                  
   323                                  load_file:
   324                                  		; ES:BX = File Buffer
   325                                  		; AX = First Cluster Number
   326                                  		; Only for FAT12 Floppy Disks
   327                                  
   328                                  		; 24/10/2023
   329                                  		; bp = 0FFFEh (sp)
   330                                  		; 24/10/2023
   331 00000119 89E5                    		mov	bp, sp ; 0FFFEh
   332                                  BS_13:
   333                                  		;mov	[File_Cluster], ax
   334                                  		; 24/10/2023
   335 0000011B 89C7                    		mov	di, ax ; file (current) cluster
   336                                  
   337 0000011D 48                                      dec     ax                      ; First cluster is cluster 2
   338 0000011E 48                                      dec     ax
   339                                  		
   340                                  		; 24/10/2023		                
   341                                  		;mov	cl, [bsSecPerClust]
   342                                  		;; ch = 0
   343                                  		;test	cl, 2
   344                                  		;jz	short BS_14
   345                                  
   346                                  		; 24/10/2023               
   347 0000011F B102                                    mov	cl, 2	; !*+		; Sector count
   348                                  						; (sectors per cluster)
   349 00000121 D1E0                    		shl	ax, 1
   350                                  
   351                                  		;;add	ax, 12                  ; Beginning sector of Data
   352                                  BS_14:
   353 00000123 0306[4000]                              add	ax, [bsDataStart]
   354                                  		;call	fd_read
   355                                                  ; 24/10/2023
   356 00000127 E8BBFF                  		call	fd_read_2
   357 0000012A 7242                    		jc      short BS_16
   358                                  get_next_cluster:
   359                                  		; 24/10/2023
   360                                  		;push	bx
   361                                                  ;mov	ax, [File_Cluster]
   362                                                  ;mov	bx, ax
   363                                  		;; Multiply by 3
   364                                  		;;mov	dx, 3
   365                                  		;;mul	dx
   366                                                 	;add	ax, ax
   367                                  		;add	ax, bx
   368                                  
   369                                  		; 24/10/2023
   370 0000012C 52                      		push	dx
   371 0000012D 31D2                    		xor	dx, dx ; 0	
   372 0000012F 89F8                    		mov	ax, di ; file (current) cluster
   373 00000131 D1E8                    		shr	ax, 1  ; Divide by 2
   374 00000133 01F8                    		add	ax, di ; AX * 1.5 = AX + AX/2
   375                                  		; dx = 0
   376                                  		; ax = byte offset in the FAT
   377 00000135 F736[0B00]              		div	word [bsBytesPerSec]
   378                                  		; ax = FAT sector (index) number
   379                                  		; dx = offset in FAT sector buffer
   380 00000139 89D6                    		mov	si, dx
   381 0000013B 5A                      		pop	dx                
   382                                  
   383 0000013C 39E8                    		cmp	ax, bp ; previous FAT sector in the FAT buffer
   384 0000013E 7405                    		je	short SplitChk ; no need to read it again
   385 00000140 E83100                  		call	NextFATSec1 ; 25/10/2023
   386 00000143 7229                            	jc	short BS_16
   387                                  SplitChk:
   388 00000145 B9FF7D                  		mov	cx, FAT_Buffer-1
   389 00000148 46                      		inc	si
   390 00000149 3B36[0B00]              		cmp	si, [bsBytesPerSec] ; 512 ?
   391 0000014D 750F                    		jne	short ClusterOk ; jb short ClusterOk
   392                                  		
   393                                  		; 24/10/2023
   394 0000014F 01CE                    		add	si, cx
   395                                  		;lodsb
   396 00000151 8A34                    		mov	dh, [si]
   397 00000153 89CE                    		mov	si, cx
   398                                  		;mov	[si], al ; mov [7DFFh], al
   399 00000155 8834                    		mov	[si], dh
   400                                  
   401                                  		; read next sector and then
   402                                  		; use first byte of the next sector (as AH)
   403                                  		
   404                                  		; 24/10/2023
   405                                  		;;mov	ax, bp	; 2 byte opcode
   406                                  		;xchg	ax, bp  ; 1 byte opcode
   407                                  		;inc	ax ; next FAT sector
   408                                  
   409                                  		; 25/10/2023
   410 00000157 45                      		inc	bp
   411                                  
   412 00000158 E81F00                  		call	NextFATSec2 ; 25/10/2023
   413 0000015B 7303                    		jnc	short EvenOdd  ; si = 7DFFh
   414 0000015D C3                      		retn
   415                                  ClusterOk:
   416                                  		; si = 1 to 511
   417                                  		; cx = FAT_Buffer-1
   418 0000015E 01CE                    		add	si, cx
   419                                  EvenOdd:
   420 00000160 AD                      		lodsw		
   421                                  
   422                                  		; di = current cluster
   423 00000161 D1EF                    		shr	di, 1
   424 00000163 730A                                    jnc     short BS_17
   425 00000165 B104                    		mov	cl, 4
   426 00000167 D3E8                                   	shr	ax, cl
   427                                  
   428                                  		; 24/10/2023
   429                                  		;shr	ax, 1 ; Divide by 2
   430                                                  ;xchg	bx, ax
   431                                                  ;; BX = Buffer Byte Offset
   432                                                  ;; AX = Current Cluster
   433                                                  ;mov	ax, [FAT_Buffer+bx]
   434                                                  ;jnc	short BS_17
   435                                  		;shr	ax, 4
   436                                  BS_15:
   437                                  		; 24/10/2023
   438                                  		;pop	bx
   439                                                  
   440 00000169 3DF70F                  		cmp     ax, 0FF7h
   441 0000016C 72AD                    		jb	short BS_13	; 25/10/2023
   442                                  		; EOCC (kernel file has been loaded successfully)
   443                                  BS_16:
   444 0000016E C3                                      retn
   445                                  BS_17:
   446 0000016F 80E40F                                  and     ah, 0Fh
   447 00000172 EBF5                                    jmp     short BS_15
   448                                  
   449                                  		; 24/10/2023
   450                                  NextFATSec1:
   451 00000174 89C5                    		mov	bp, ax
   452                                  		; 25/10/2023
   453 00000176 0306[0E00]              		add	ax, [bsResSectors]	; FAT sector LBA
   454                                  NextFATSec2:
   455 0000017A 06                      		push	es ; +  ; kernel file buffer segment
   456 0000017B 53                      		push	bx ; ++ ; save kernel file buffer address
   457                                  
   458 0000017C 1E                      		push	ds
   459 0000017D 07                      		pop	es
   460                                  
   461                                  		; 24/10/2023 ; *-*
   462                                  		;mov	bx, FAT_Buffer	
   463                                  
   464                                  		; 25/10/2023
   465                                  		;add	ax, [bsResSectors]	; FAT sector LBA
   466                                  		;mov	cl, 1			; Read 1 FAT Sector
   467 0000017E E85FFF                  		call	fd_read_1
   468 00000181 5B                       		pop	bx ; ++ ; restore kernel file buffer address
   469 00000182 07                      		pop	es ; +  ; kernel file buffer segment
   470                                  
   471 00000183 C3                      		retn
   472                                  
   473                                  		; 24/10/2023
   474                                  		; (filler)
   475 00000184 00                      		db	0
   476 00000185 19                      		db	25 ; 25/10/2023
   477 00000186 0A                      		db	10
   478 00000187 E707                    		dw	2023
   479 00000189 00                      		db	0	
   480                                  Error_Msg:
   481 0000018A 0D0A                                    db      0Dh, 0Ah
   482                                                  ;db	'DOS Kernel Loading Error!'
   483                                  		; 24/10/2023
   484 0000018C 4572726F7221            		db	'Error!'
   485                                  
   486 00000192 0D0A                    Replace_Msg:    db      0Dh, 0Ah
   487 00000194 5265706C6163652074-                     db      'Replace the disk and press any key to reboot.'
   487 0000019D 6865206469736B2061-
   487 000001A6 6E6420707265737320-
   487 000001AF 616E79206B65792074-
   487 000001B8 6F207265626F6F742E 
   488 000001C1 0D0A00                                  db      0Dh, 0Ah,0
   489                                  
   490                                  		; 24/10/2023 ; Filler
   491 000001C4 00                      		db	0
   492 000001C5 524476342D32383830      		db	'RDv4-2880'
   493 000001CE 00                      		db	0
   494                                  
   495 000001CF 0D0A                    Loading_Msg:    db      0Dh, 0Ah
   496 000001D1 4C6F6164696E67204B-                     db      "Loading Kernel MSDOS.SYS ..."
   496 000001DA 65726E656C204D5344-
   496 000001E3 4F532E535953202E2E-
   496 000001EC 2E                 
   497 000001ED 0D0A00                                  db      0Dh, 0Ah, 0
   498                                  
   499                                  ;File_Cluster: 
   500 000001F0 A101                    		dw	417	 ; (filler)
   501                                  rtsfilename:
   502 000001F2 4D53444F5320202053-                     db      'MSDOS   SYS'
   502 000001FB 5953               
   503 000001FD 00                                      db      0
   504                                  
   505                                  		times	510 - ($ - $$) db 0
   506                                  
   507 000001FE 55AA                    bootsignature:  db      55h, 0AAh
