     1                                  ; ****************************************************************************
     2                                  ; RDFD2880.ASM (RDFD2880.COM) - Retro DOS v4 Floppy Disk Boot Sector Utility
     3                                  ;							 (for MSDOS/WINDOWS)
     4                                  ; ----------------------------------------------------------------------------
     5                                  ; Last Update: 25/10/2023
     6                                  ; ----------------------------------------------------------------------------
     7                                  ; Beginning: 25/10/2023
     8                                  ; ----------------------------------------------------------------------------
     9                                  ; Assembler: NASM version 2.15 (rdfdboot.s)
    10                                  ; ----------------------------------------------------------------------------
    11                                  ; Modified from 'rdhdboot.s'(RDHDBOOT.COM) source code by Erdogan Tan
    12                                  ; (25/10/2023) - RETRODOS v4 hard disk FAT12 fs boot sector update utility -
    13                                  ; ----------------------------------------------------------------------------
    14                                  ; Modified from 'trfdboot.s'(TRFDBOOT.COM) source code by Erdogan Tan
    15                                  ; (06/09/2020) - TRDOS 386 1440KB floppy disk boot sector update utility -
    16                                  ; ****************************************************************************
    17                                  ; assembling: nasm rdfdboot.s -l rdfdboot.lst -o RDFDBOOT.COM -Z error.txt
    18                                  
    19                                  ; ----------------------------------------------------------------------------
    20                                  ; equations
    21                                  ; ----------------------------------------------------------------------------
    22                                  
    23                                  ; boot sector parameters
    24                                  
    25                                  bsOemName	equ 3
    26                                  bsBytesPerSec	equ 11 ; 512 (word)
    27                                  bsSecPerClust	equ 13
    28                                  bsResSectors	equ 14
    29                                  bsFATs		equ 16
    30                                  bsRootDirEnts	equ 17
    31                                  bsSectors	equ 19
    32                                  bsMedia		equ 21
    33                                  bsFATsecs	equ 22
    34                                  bsSecPerTrack	equ 24 ; 18 (word)
    35                                  bsHeads		equ 26 ; 2 (word)
    36                                  bsHidden1	equ 28
    37                                  bsHidden2	equ 30
    38                                  bsHugeSectors	equ 32
    39                                  bsDriveNumber	equ 36
    40                                  bsReserved1	equ 37
    41                                  bsBpbSignature	equ 38 ; 29h (byte)
    42                                  bsVolumeID	equ 39
    43                                  bsVolumeLabel	equ 43
    44                                  bsFileSysType	equ 54 ; 'FAT12   '  (8 bytes)
    45                                  bsReserved2	equ 62
    46                                  ; TRDOS 386 v2.0 2018 Extensions
    47                                  bsDataStart	equ 64
    48                                  bsRootDirStart	equ 66
    49                                  bsRootDirSects	equ 68
    50                                  bsDirEntsPerSec equ 70
    51                                  
    52                                  ; ----------------------------------------------------------------------------
    53                                  ; code
    54                                  ; ----------------------------------------------------------------------------
    55                                  
    56                                  [BITS 16]
    57                                  [ORG 100h]
    58                                  
    59 00000000 FA                      	cli
    60 00000001 FC                      	cld
    61 00000002 0E                      	push	cs
    62 00000003 17                      	pop	ss
    63 00000004 BCFEFF                  	mov	sp, 0FFFEh
    64 00000007 FB                      	sti
    65                                  
    66                                  ;- - - - - - - - - - - - - - - - - - - - - - - - - - - - - - - - -
    67                                  ; see if drive specified
    68                                  ;- - - - - - - - - - - - - - - - - - - - - - - - - - - - - - - - -
    69                                  
    70 00000008 BE8000                  	mov	si, 80h			; PSP command tail
    71 0000000B 8A0C                    	mov	cl, [si]
    72 0000000D 08C9                    	or	cl, cl                               
    73 0000000F 7436                    	jz	short T_05		; jump if zero
    74                                  
    75                                  T_01:
    76 00000011 46                      	inc	si
    77                                  
    78 00000012 8A04                    	mov	al, [si]
    79 00000014 3C20                    	cmp	al, ' '			; is it SPACE ?
    80 00000016 7506                    	jne	short T_02
    81                                  
    82 00000018 FEC9                    	dec	cl                                  
    83 0000001A 75F5                    	jnz	short T_01                  
    84 0000001C EB29                    	jmp	short T_05
    85                                  
    86                                  T_02:
    87 0000001E 3C41                    	cmp	al, 'A'
    88 00000020 7225                    	jb	short T_05
    89 00000022 7414                    	je	short T_03
    90 00000024 3C42                    	cmp	al, 'B'
    91 00000026 7610                    	jna	short T_03
    92 00000028 3C5A                    	cmp	al, 'Z'
    93 0000002A 761B                    	jna	short T_05
    94                                  T_18:	
    95 0000002C 3C61                    	cmp	al, 'a'			; a - z 
    96 0000002E 7217                    	jb	short T_05                  
    97 00000030 7404                    	je	short T_19
    98 00000032 3C62                    	cmp	al, 'b'
    99 00000034 7711                    	ja	short T_05
   100                                  T_19:
   101 00000036 2C20                    	sub	al, 'a'-'A'		; to upper case
   102                                  
   103                                  ;- - - - - - - - - - - - - - - - - - - - - - - - - - - - - - - - -
   104                                  ; get drive code
   105                                  ;- - - - - - - - - - - - - - - - - - - - - - - - - - - - - - - - -
   106                                  
   107                                  T_03:
   108 00000038 A2[2102]                	mov	[RD_Drive], al
   109 0000003B EB10                    	jmp	short T_09
   110                                  
   111                                  T_04:
   112 0000003D 0411                    	add	al, 'A'-'0'		; 0 based -> A based
   113 0000003F EBF7                    	jmp	short T_03 
   114                                  
   115                                  T_24:
   116 00000041 46                      	inc	si
   117 00000042 803C20                  	cmp	byte [si], ' '
   118 00000045 76F6                    	jna	short T_04		
   119                                  
   120                                  ;- - - - - - - - - - - - - - - - - - - - - - - - - - - - - - - - -
   121                                  ; Write message
   122                                  ;- - - - - - - - - - - - - - - - - - - - - - - - - - - - - - - - -
   123                                  
   124                                  T_05:
   125 00000047 BE[6101]                	mov	si, RetroDOS_Welcome
   126 0000004A E98600                  	jmp	T_20
   127                                  
   128                                  ;- - - - - - - - - - - - - - - - - - - - - - - - - - - - - - - - -
   129                                  ; get drive parameters
   130                                  ;- - - - - - - - - - - - - - - - - - - - - - - - - - - - - - - - -
   131                                  
   132                                  T_09:
   133 0000004D B408                    	mov	ah, 08h
   134 0000004F 8A16[2102]              	mov	dl, [RD_Drive]	; drive
   135 00000053 80EA41                  	sub	dl, 'A'			; make it zero based
   136 00000056 8816[3603]              	mov	[RD_FAT12_fd_bs+bsDriveNumber], dl 
   137 0000005A CD13                    	int	13h			; return disk parameters
   138 0000005C 7229                    	jc	short R_15   ; Drive not ready error
   139                                  
   140 0000005E 0E                      	push	cs
   141 0000005F 07                      	pop	es			; restore es
   142                                  
   143 00000060 80FB02                  	cmp	bl, 2			; Drive Type
   144 00000063 771D                    	ja	short T_25   ; not a 360KB diskette drive
   145                                  
   146                                  	; check for valid FAT12 BS
   147                                  	;mov	byte [RetryCount], 5
   148 00000065 881E[1205]              	mov	[RetryCount], bl ; 5
   149                                  
   150                                  	;mov	ax, 0201h		; read disk
   151 00000069 BB[1405]                	mov	bx, bootsector		; location of boot code
   152                                  
   153 0000006C B90100                  	mov	cx, 1			; cylinder = 0
   154                                  					; sector = 1
   155 0000006F B600                    	mov	dh, 0			; head = 0
   156                                  	;mov	dl, [RD_Drive]	; drive 
   157                                  	;sub	dl, 'A'			; make it zero based
   158                                  	;;mov	[RD_FAT12_fd_bs+bsDriveNumber], dl
   159 00000071 8A16[3603]              	mov	dl, [RD_FAT12_fd_bs+bsDriveNumber]
   160                                  T_21:
   161 00000075 B80102                  	mov	ax, 0201h
   162 00000078 CD13                    	int	13h
   163                                  	;jc	short T_14	
   164 0000007A 7313                    	jnc	short T_06		; read boot sector, OK
   165                                  
   166 0000007C FE0E[1205]              	dec	byte [RetryCount]
   167 00000080 75F3                    	jnz	short T_21
   168                                  T_25:
   169                                  R_16:
   170 00000082 BE[4502]                	mov	si, msg_disk_read_err
   171 00000085 EB03                    	jmp	short R_14
   172                                  R_15:	
   173 00000087 BE[2F02]                	mov	si, msg_drv_not_ready_err
   174                                  R_14:
   175 0000008A E8C500                  	call	print_msg
   176 0000008D CD20                    	int	20h
   177                                  
   178                                  T_06:
   179 0000008F 813E[1F05]0002          	cmp	word [bootsector+bsBytesPerSec], 512
   180 00000095 7552                    	jne	short T_22
   181 00000097 803E[3A05]29            	cmp	byte [bootsector+bsBpbSignature], 29h
   182 0000009C 754B                    	jne	short T_22
   183                                  	; 25/10/2023
   184                                  	; check 2.88 MB FD (required) FAT12 BPB parameters
   185 0000009E 803E[2905]F0            	cmp	byte [bootsector+bsMedia], 0F0h
   186 000000A3 7544                    	jne	short T_22	
   187 000000A5 803E[2105]02            	cmp	byte [bootsector+bsSecPerClust], 2
   188 000000AA 753D                    	jne	short T_22
   189 000000AC 813E[2705]8016          	cmp	word [bootsector+bsSectors], 5760
   190 000000B2 7535                    	jne	short T_22
   191                                  
   192                                  	; Overwrite question
   193                                  
   194 000000B4 BE[E201]                	mov	si, msg_overwrite_question
   195 000000B7 E89800                  	call	print_msg
   196                                  
   197                                  	; get answer
   198                                  R_09:
   199 000000BA 31C0                    	xor	ax, ax
   200 000000BC CD16                    	int	16h			; wait for keyboard command
   201 000000BE 3C03                    	cmp	al, 'C'-40h
   202 000000C0 7414                    	je	short R_10 ; Exit                   
   203 000000C2 3C1B                    	cmp	al, 27
   204 000000C4 7410                    	je	short R_10 ; Exit
   205 000000C6 24DF                    	and	al, 0DFh
   206 000000C8 3C59                    	cmp	al, 'Y'			; Yes?
   207 000000CA 7422                    	je	short R_12		; write
   208 000000CC 3C4E                    	cmp	al, 'N'			; No?
   209 000000CE 75EA                    	jne	short R_09      
   210                                  					; no write (exit)  
   211 000000D0 BE[B602]                	mov	si, msg_NO
   212                                  T_20:
   213 000000D3 E87C00                  	call	print_msg
   214                                  
   215                                  	; Next line and Exit
   216                                  R_10:
   217                                  T_12:
   218 000000D6 BE[0D03]                	mov	si, RD_CRLF
   219                                  R_21:
   220 000000D9 E87600                  	call	print_msg
   221 000000DC B8004C                  	mov	ax, 4C00h		; terminate
   222 000000DF CD21                    	int	21h 
   223                                  hang:
   224 000000E1 F4                      	hlt
   225 000000E2 EBFD                    	jmp	short hang
   226                                  
   227                                  R_20:
   228 000000E4 BE[5B02]                	mov	si, msg_disk_write_err
   229 000000E7 EBA1                    	jmp	short R_14
   230                                  
   231                                  T_22:
   232 000000E9 BE[7202]                	mov	si, RD_invalid_bootsector
   233 000000EC EB9C                    	jmp	short R_14
   234                                  
   235                                  R_12:
   236 000000EE BE[BF02]                	mov	si, msg_YES
   237 000000F1 E85E00                  	call	print_msg
   238                                  	
   239                                  	; copying the disk's BPB to the new Retrodos v4 boot sector
   240 000000F4 8D36[1705]              	lea	si, [bootsector+bsOemName] 
   241 000000F8 BF[1503]                	mov	di, RD_FAT12_fd_bs + bsOemName
   242 000000FB B93300                  	mov	cx, bsFileSysType - bsOemName
   243 000000FE F3A4                    	rep	movsb
   244                                  
   245                                  R_13:
   246                                  	; Calculating Retro DOS v4 extended BS parameters
   247 00000100 A1[2803]                	mov	ax, [RD_FAT12_fd_bs+bsFATsecs]
   248 00000103 8A0E[2203]              	mov	cl, [RD_FAT12_fd_bs+bsFATs]
   249                                  	;mul	cx
   250 00000107 FEC9                    	dec	cl
   251 00000109 D3E0                    	shl	ax, cl ; * 2
   252 0000010B 0306[2003]              	add	ax, [RD_FAT12_fd_bs+bsResSectors]
   253 0000010F A3[5403]                	mov	[RD_FAT12_fd_bs+bsRootDirStart], ax
   254 00000112 8B0E[2303]              	mov	cx, [RD_FAT12_fd_bs+bsRootDirEnts]
   255                                  
   256 00000116 BA0F00                  	mov	dx, 15
   257                                  	;add	cx, 15
   258 00000119 01D1                    	add	cx, dx
   259                                  	
   260 0000011B C1E904                  	shr	cx, 4 ; 16 entries per sector
   261 0000011E 890E[5603]              	mov	[RD_FAT12_fd_bs+bsRootDirSects], cx
   262                                  
   263 00000122 42                      	inc	dx ; dx = 16
   264 00000123 8916[5803]              	mov	[RD_FAT12_fd_bs+bsDirEntsPerSec], dx
   265                                  
   266 00000127 01C8                    	add	ax, cx
   267 00000129 A3[5203]                	mov	[RD_FAT12_fd_bs+bsDataStart], ax	
   268                                  
   269                                  	; "Updating boot sector to .." message
   270                                  
   271 0000012C BE[C902]                	mov	si, msg_writing_boot_sector
   272 0000012F E82000                  	call	print_msg
   273                                  
   274                                  	; writing boot sector
   275 00000132 8A16[3603]              	mov	dl, [RD_FAT12_fd_bs+bsDriveNumber]		
   276 00000136 B600                    	mov	dh, 0 ; head 0
   277                                  	; ch = 0      ; track 0 (cylinder 0)
   278 00000138 B101                    	mov	cl, 1 ; sector 1
   279                                  
   280 0000013A B80103                  	mov	ax, 0301h ; write disk sector
   281                                  	
   282 0000013D BB[1203]                	mov	bx, RD_FAT12_fd_bs
   283 00000140 CD13                    	int	13h
   284 00000142 72A0                    	jc	short R_20
   285                                  ;R_20:
   286 00000144 BE[0903]                	mov	si, msg_OK
   287 00000147 E80800                  	call	print_msg
   288                                  	
   289 0000014A B8FFFF                  	mov	ax, 65535
   290                                  wloop:
   291 0000014D 48                      	dec	ax
   292 0000014E 75FD                    	jnz	short wloop	
   293 00000150 EB84                    	jmp	T_12
   294                                  
   295                                  	; print/write messages (on console screen)
   296                                  print_msg:
   297                                  print_msg_LOOP:
   298 00000152 AC                      	lodsb                           ; Load byte at DS:SI to AL
   299 00000153 20C0                    	and     al, al            
   300 00000155 7409                    	jz      short print_msg_OK       
   301 00000157 B40E                    	mov	ah, 0Eh			
   302 00000159 BB0700                  	mov     bx, 07h             
   303 0000015C CD10                    	int	10h			; BIOS Service func ( ah ) = 0Eh
   304                                  					; Write char as TTY
   305                                  					; AL-char BH-page BL-color
   306 0000015E EBF2                    	jmp     short print_msg_LOOP
   307                                  
   308                                  print_msg_OK:
   309 00000160 C3                      	retn   
   310                                  
   311                                  ; ----------------------------------------------------------------------------
   312                                  ; initialized data
   313                                  ; ----------------------------------------------------------------------------
   314                                  
   315                                  ;- - - - - - - - - - - - - - - - - - - - - - - - - - - - - - - - -
   316                                  ;  messages
   317                                  ;- - - - - - - - - - - - - - - - - - - - - - - - - - - - - - - - -
   318                                  
   319                                  RetroDOS_Welcome:
   320 00000161 0D0A                    	db	0Dh, 0Ah
   321 00000163 526574726F20444F53-     	db	'Retro DOS v4 - 2.88 MB Floppy Disk Boot Sector Update Utility'
   321 0000016C 207634202D20322E38-
   321 00000175 38204D4220466C6F70-
   321 0000017E 7079204469736B2042-
   321 00000187 6F6F7420536563746F-
   321 00000190 722055706461746520-
   321 00000199 5574696C697479     
   322 000001A0 0D0A                    	db	0Dh, 0Ah
   323 000001A2 76312E302E32333130-     	db	"v1.0.231025  (c) Erdogan TAN 2023"
   323 000001AB 323520202863292045-
   323 000001B4 72646F67616E205441-
   323 000001BD 4E2032303233       
   324 000001C3 0D0A                    	db	0Dh,0Ah
   325 000001C5 0D0A                    	db	0Dh,0Ah
   326 000001C7 55736167653A207264-     	db	'Usage: rdfdboot a: (or b:)'
   326 000001D0 6664626F6F7420613A-
   326 000001D9 20286F7220623A29   
   327 000001E1 00                      	db	0
   328                                  
   329                                  msg_overwrite_question:
   330 000001E2 0D0A                    	db	0Dh, 0Ah
   331 000001E4 5741524E494E472021-     	db	'WARNING !', 0Dh, 0Ah
   331 000001ED 0D0A               
   332 000001EF 446F20796F75207761-     	db	'Do you want to overwrite the boot sector of drive '
   332 000001F8 6E7420746F206F7665-
   332 00000201 727772697465207468-
   332 0000020A 6520626F6F74207365-
   332 00000213 63746F72206F662064-
   332 0000021C 7269766520         
   333                                  RD_Drive:
   334 00000221 413A20285965732F4E-     	db	'A: (Yes/No)? ', 0
   334 0000022A 6F293F2000         
   335                                  
   336                                  msg_drv_not_ready_err: 
   337 0000022F 0D0A                    	db	0Dh, 0Ah
   338 00000231 4472697665206E6F74-     	db	"Drive not ready !"
   338 0000023A 2072656164792021   
   339 00000242 0D0A00                  	db	0Dh, 0Ah, 0
   340                                  
   341                                  msg_disk_read_err: 
   342 00000245 0D0A                    	db	0Dh, 0Ah
   343 00000247 4469736B2072656164-     	db	"Disk read error !"
   343 00000250 206572726F722021   
   344 00000258 0D0A00                  	db	0Dh, 0Ah, 0
   345                                  
   346                                  msg_disk_write_err: 
   347 0000025B 0D0A                    	db	0Dh, 0Ah
   348 0000025D 4469736B2077726974-     	db	"Disk write error !"
   348 00000266 65206572726F722021 
   349 0000026F 0D0A00                  	db	0Dh, 0Ah, 0
   350                                  
   351                                  RD_invalid_bootsector:
   352 00000272 0D0A                    	db 0Dh, 0Ah
   353 00000274 496E76616C69642062-     	db 'Invalid boot sector!'
   353 0000027D 6F6F7420736563746F-
   353 00000286 7221               
   354 00000288 0D0A                    	db 0Dh,0Ah
   355 0000028A 2821206E6F74206120-     	db '(! not a valid 2.88 MB FAT12 floppy disk !)'
   355 00000293 76616C696420322E38-
   355 0000029C 38204D422046415431-
   355 000002A5 3220666C6F70707920-
   355 000002AE 6469736B202129     
   356 000002B5 00                      	db 0
   357                                  msg_NO:
   358 000002B6 204E4F202E2E0D0A00      	db	' NO ..', 0Dh, 0Ah, 0
   359                                  msg_YES:
   360 000002BF 20594553202E2E0D0A-     	db	' YES ..', 0Dh, 0Ah, 0
   360 000002C8 00                 
   361                                  
   362                                  msg_writing_boot_sector:
   363 000002C9 5570646174696E6720-     	db	"Updating boot sector to Retro DOS v4 (v2 compatible) format ...", 0
   363 000002D2 626F6F742073656374-
   363 000002DB 6F7220746F20526574-
   363 000002E4 726F20444F53207634-
   363 000002ED 2028763220636F6D70-
   363 000002F6 617469626C65292066-
   363 000002FF 6F726D6174202E2E2E-
   363 00000308 00                 
   364                                  
   365                                  msg_OK:
   366 00000309 204F4B2E                	db	' OK.'
   367                                  RD_CRLF:
   368 0000030D 0D0A00                  	db	0Dh, 0Ah, 0
   369                                  
   370                                  align 2
   371 00000310 A101                    	dw	417
   372                                  
   373                                  RD_FAT12_fd_bs:	; Boot Sector code
   374                                  
   375                                  ; Boot Sector Last Update: 25/10/2023
   376 00000312 <bin 200h>              incbin	"FDBS2880.BIN"	; Kernel file: 'MSDOS.SYS'
   377                                  RetryCount:
   378 00000512 00                      	db	0
   379                                  
   380                                  ; ----------------------------------------------------------------------------
   381                                  ; uninitialized data
   382                                  ; ----------------------------------------------------------------------------
   383                                  
   384                                  bss_start:
   385                                  
   386                                  ABSOLUTE bss_start
   387                                  
   388 00000513 ??                      alignb 2
   389                                  
   390                                  bootsector:
   391 00000514 <res 200h>              	resb	512
   392                                  
   393                                  end_bss:
