     1                                  ; ****************************************************************************
     2                                  ; RD2HDBS.ASM - Retro DOS v4 FAT 12 (Hard Disk) BOOT SECTOR code
     3                                  ; ----------------------------------------------------------------------------
     4                                  ; Last Update: 25/10/2023 (Previous: 19/05/2018, Retro DOS v2.0)
     5                                  ; ----------------------------------------------------------------------------
     6                                  ; Beginning: 14/05/2018 
     7                                  ; ----------------------------------------------------------------------------
     8                                  ; Assembler: NASM version 2.11  
     9                                  ; ----------------------------------------------------------------------------
    10                                  ;	    ((nasm rd2hdbs.s -l rd2hdbs.lst -o RD2HDBS.BIN)) 	
    11                                  ; ----------------------------------------------------------------------------
    12                                  ; Derived from 'fdbs1440.s' Retro DOS v2.0 FAT12 fd boot sector source code
    13                                  ; by Erdogan Tan (27/03/2018).
    14                                  ; ----------------------------------------------------------------------------
    15                                  ; Derived from 'fat12_bs.s' TRDOS 386 FAT12 boot sector source code
    16                                  ; by Erdogan Tan (26/12/2017).
    17                                  ; ****************************************************************************
    18                                  ; incbin "RD2HDBS.BIN" (in 'rdhdimg.s')
    19                                  
    20                                  notvalidfmask   equ	0018h
    21                                  
    22                                  root_dir_buff   equ	7E00h
    23                                  
    24                                  rts_segment     equ	1000h
    25                                  
    26                                  FAT_Buffer      equ	7E00h
    27                                  
    28                                  ; 22/10/2023
    29                                  root_FAT_buffer equ	7E00h 
    30                                  
    31                                  [BITS 16]
    32                                  [ORG 7C00h]
    33 00000000 EB46                                    jmp     short BS_01
    34 00000002 90                                      nop
    35                                  
    36                                  ; BootSector Identification (Data) Block
    37                                  
    38 00000003 524554524F444F53        bsOemName:      db 'RETRODOS'          
    39 0000000B 0002                    bsBytesPerSec:  dw 512
    40 0000000D 10                      bsSecPerClust:  db 16
    41 0000000E 0100                    bsResSectors:   dw 1
    42 00000010 02                      bsFATs:         db 2
    43 00000011 0002                    bsRootDirEnts:  dw 512
    44 00000013 0000                    bsSectors:      dw 0
    45 00000015 F8                      bsMedia:        db 0F8h
    46 00000016 0C00                    bsFATsecs:      dw 12
    47 00000018 3F00                    bsSecPerTrack:  dw 63
    48 0000001A 1000                    bsHeads:        dw 16
    49 0000001C 0100                    bsHidden1:      dw 1
    50 0000001E 0000                    bsHidden2:      dw 0
    51 00000020 00000000                bsHugeSectors:  dd 0
    52 00000024 80                      bsDriveNumber:  db 80h
    53 00000025 00                      bsReserved1:    db 0
    54 00000026 29                      bsBpbSignature: db 29h                 
    55 00000027 00000000                bsVolumeID:     dd 0
    56 0000002B 4E4F204E414D452020-     bsVolumeLabel:  db 'NO NAME    '
    56 00000034 2020               
    57 00000036 4641543132202020        bsFileSysType:  db 'FAT12   '
    58                                  ;bsReserved2:	dw 'v2'	; Retro DOS 2.0 ; 27/03/2018
    59 0000003E 7634                    bsReserved2:	dw 'v4'	; Retro DOS 4.0 ; 22/10/2023  
    60                                  ; Retro DOS 1.0 Extensions
    61                                  ;bsReserved2:	dw 'v1'
    62 00000040 3900                    bsDataStart:    dw 57
    63 00000042 1900                    bsRootDirStart:	dw 25
    64 00000044 2000                    bsRootDirSects:	dw 32
    65                                  ; 22/10/2023
    66 00000046 1000                    bsDirEntsPerSec: dw 16
    67                                  
    68                                  		; Erdogan Tan - 22/10/2023  
    69                                  		; Retro DOS v4.0-v4.1-v4.2 (FAT12 FS) combined kernel loader
    70                                  		; ((also compatible with Retro DOS v2.0-v3.2))
    71                                  BS_01:
    72 00000048 8CC8                                    mov	ax, cs
    73 0000004A 8ED8                    		mov	ds, ax
    74 0000004C 8EC0                    		mov	es, ax
    75                                  		
    76 0000004E FA                      		cli
    77 0000004F 8ED0                    		mov	ss, ax
    78 00000051 BCFEFF                  		mov     sp, 0FFFEh
    79 00000054 FB                      		sti
    80                                  
    81                                  		; 22/10/2023
    82 00000055 89E5                    		mov	bp, sp
    83                                  
    84                                  		; overwrite hd drive number !
    85 00000057 8816[2400]                              mov	[bsDriveNumber], dl 	; drive number from INT 19h
    86                                  						; (DL = 80h)
    87                                  ;BS_02:
    88 0000005B A1[4200]                		mov	ax, [bsRootDirStart]	; Root Dir Location
    89                                  		; 24/10/2023
    90 0000005E 8B16[4400]              		mov	dx, [bsRootDirSects]
    91                                  BS_02:		; 24/10/2023
    92                                  		; 22/10/2023
    93                                  		;mov	cl, [bsRootDirSects]	; Root Directory Sectors
    94                                  		;xor	dx, dx ; 0
    95                                  
    96                                  		; 22/10/2023 ; *-*
    97                                  		;mov	bx, root_dir_buff       ; Destination offset = 7E00h
    98                                  		
    99                                  		;mov	cl, 1	; read 1 root dir sector
   100                                                  ;call	hd_read
   101                                  		; 22/10/2023
   102 00000062 E87F00                  		call	hd_read_1
   103 00000065 7227                    		jc      short BS_05		; Disk read error message
   104                                  	
   105                                  		; 24/10/2023
   106                                  		; ax = next root directory sector
   107                                  
   108                                  		; 22/10/2023
   109                                  		;mov	bx, [bsRootDirEnts]	; Number of root dir entries
   110 00000067 8B1E[4600]              		mov	bx, [bsDirEntsPerSec]
   111 0000006B BE007E                                  mov	si, root_dir_buff
   112                                  BS_03:          
   113                                  		; 24/10/2023
   114 0000006E 383C                    		cmp	[si], bh ; 0
   115                                  		;cmp	byte [si], 0		; Is it null entry?
   116 00000070 7417                    		je      short BS_04_ERR		; Jump if zero ( = )
   117 00000072 B90B00                                  mov     cx, 11			; Size of file/directory name
   118 00000075 56                                      push	si
   119 00000076 BF[F201]                                mov     di, rtsfilename   
   120 00000079 F3A6                                    repe    cmpsb                   ; Repeat if ZF = 1, CX > 0
   121                                  						; Cmp byte DS:SI with ES:DI
   122 0000007B 5E                                      pop	si
   123 0000007C 741C                                    je      short BS_07		; If the file name found
   124 0000007E 4B                                      dec	bx                    
   125 0000007F 7405                    		jz      short BS_04		; Jump if no next entry
   126 00000081 83C620                                  add     si, 32                  ; To next directory entry
   127 00000084 EBE8                                    jmp     short BS_03             ; Jump for next sector
   128                                  BS_04:
   129                                  		; 22/10/2023
   130                                  		;dec	word [bsRootDirSects]
   131                                  		;jz	short BS_04_ERR
   132                                  		;inc	word [bsRootDirStart]
   133                                  		;jmp	short BS_02
   134                                  		; 24/10/2023
   135 00000086 4A                      		dec	dx
   136 00000087 75D9                    		jnz	short BS_02
   137                                  BS_04_ERR:
   138 00000089 BE[A401]                                mov     si, Replace_Msg
   139 0000008C EB03                                    jmp     short BS_06
   140                                  BS_05:      
   141 0000008E BE[9C01]                                mov     si, Error_Msg
   142                                  BS_06:          
   143 00000091 E83500                                  call    print_msg
   144                                  
   145 00000094 31C0                                    xor	ax, ax
   146 00000096 CD16                    		int	16h			; BIOS Service func ( ah ) = 0
   147                                  						; Read next kbd char
   148                                  						; AH-scan code AL-char code
   149 00000098 CD19                    		int	19h			; Reboot
   150                                  
   151                                  BS_07:
   152                                                  ;mov	al, [si+0Bh]		; Move attributes byte to BL
   153                                                  ;and	al, notvalidfmask       ; Is it a file, really?
   154                                                  ; 24/10/2023
   155 0000009A F6440B18                		test	byte [si+0Bh], notvalidfmask
   156 0000009E 75E9                    		jnz	short BS_04_ERR		; Jump if not
   157                                                  ; 24/10/2023
   158                                  		;mov	ax, [si+1Ah]		; First cluster of the file
   159 000000A0 8B541A                  		mov	dx, [si+1Ah]
   160                                  		; 22/10/2023
   161                                  		;cmp	ax, 2                   ; Start cluster
   162                                                  ;jb	short BS_05
   163                                  
   164                                    		;mov	[bsReserved2], ax	; Save the first cluster
   165                                  		; 22/10/2023
   166                                  		; 24/10/2023
   167                                  		;push	ax 	
   168                                  
   169                                  		; Load  RTS (Kernel) file
   170 000000A3 BE[CF01]                                mov     si, Loading_Msg
   171 000000A6 E82000                                  call    print_msg
   172                                  
   173                                  		; 22/10/2023
   174                                  		;; Load FAT
   175                                                  ;;mov	ax, 1
   176                                                  ;mov	ax, [bsResSectors]	; FAT Location
   177                                                  ;mov	cl, [bsFATsecs]		; FAT Sectors
   178                                  		;mov	bx, FAT_Buffer    
   179                                                  ;call	hd_read
   180                                                  ;jc	short BS_05
   181                                  
   182                                  		; 22/10/2023
   183                                  		;; Load RTS (Kernel) file
   184                                                  ;mov	si, Loading_Msg
   185                                                  ;call	print_msg
   186                                  		
   187                                  		; 24/10/2023
   188                                  		;pop	ax
   189 000000A9 92                                      xchg	ax, dx ; mov ax, dx
   190                                  		;;mov	ax, [bsReserved2]	; The First cluster
   191 000000AA BB0010                                  mov	bx, rts_segment
   192 000000AD 8EC3                                    mov	es, bx
   193 000000AF 31DB                                    xor	bx, bx
   194 000000B1 E87F00                                  call	load_file
   195 000000B4 72D8                                    jc	short BS_05
   196                                  
   197                                  		; Launch RTS (Kernel)
   198                                     		;mov	ax, es
   199                                  		;cli
   200                                                  ;mov	ss, ax
   201                                                  ;mov	sp, 0FFFEh
   202                                                  ;sti
   203                                                  ;mov	dl, [bsDriveNumber]
   204                                                  ;mov	ax, rts_segment ; 1000h ; 60h
   205                                                  ;mov	ds, ax
   206                                                  ;mov	es, ax
   207                                               
   208 000000B6 BD007C                  		mov 	bp, 7C00h
   209                                  
   210                                  		; Retro DOS 3.0 ; 19/10/2018
   211 000000B9 8A16[2400]              		mov	dl, [bsDriveNumber]
   212                                  		; Retro DOS 2.0 ; 27/03/2018
   213 000000BD 8A36[1500]              		mov	dh, [bsMedia]
   214 000000C1 A1[1300]                		mov	ax, [bsSectors]
   215                                  
   216 000000C4 EA00000010              		jmp	rts_segment:0
   217                                  
   218                                                  ;db	0EAh
   219                                                  ;dw	0
   220                                                  ;dw	rts_segment
   221                                  
   222                                  		; 22/10/2023
   223                                  print_msg:
   224                                  BS_08:
   225 000000C9 AC                      		lodsb			; Load byte at DS:SI to AL
   226 000000CA 20C0                                    and     al, al            
   227 000000CC 7415                                    jz	short BS_10	; If AL = 00h then stop
   228                                  
   229 000000CE B40E                                    mov     ah, 0Eh
   230 000000D0 BB0700                                  mov     bx, 07h             
   231 000000D3 CD10                    		int	10h		; BIOS Service func ( ah ) = 0Eh
   232                                  					; Write char as TTY
   233                                  					; AL-char BH-page BL-color
   234 000000D5 EBF2                                    jmp     short BS_08
   235                                  
   236                                  BS_09:     
   237 000000D7 FECD                                    dec	ch  ; dec byte [RetryCount]
   238 000000D9 7408                    		jz	short BS_10 ; cf = 1
   239                                  		
   240                                  		; 24/10/2023
   241 000000DB 50                      		push	ax
   242 000000DC 31C0                    		xor	ax, ax
   243                                  		; ah = 0 ; INT 13h reset function
   244 000000DE CD13                    		int	13h
   245 000000E0 58                      		pop	ax
   246 000000E1 7308                    		jnc	short BS_11
   247                                  BS_10:
   248 000000E3 C3                      		retn
   249                                   
   250                                  hd_read_1:
   251                                  		; 22/10/2023
   252 000000E4 B101                    		mov	cl, 1	; read 1 sector (only)
   253 000000E6 BB007E                  		mov	bx, root_FAT_buffer ; *-* ; 7E00h		
   254                                  hd_read:
   255                                                  ; Only for FAT12 file systems !
   256                                  		
   257                                  		; 18/05/2018
   258                                  		; 22/10/2023
   259                                  		; AX = LBA address (as partition offset)
   260                                  		; CL = sector count
   261                                  		;; DL = disk drive number (80h)
   262                                  		; ES:BX = buffer address
   263                                                  
   264 000000E9 B504                    		mov	ch, 4 ; mov byte [RetryCount], 4
   265                                  BS_11:
   266 000000EB 60                      		pusha	; !*
   267                                  
   268                                  		; 22/10/2023
   269 000000EC 29D2                    		sub	dx, dx ; 0
   270 000000EE 0306[1C00]              		add	ax, [bsHidden1]
   271 000000F2 1316[1E00]              		adc	dx, [bsHidden2]
   272                                  
   273                                  		; DX:AX = LBA address (as physical address)
   274                                  
   275 000000F6 91                      		xchg	cx, ax
   276 000000F7 8B36[1800]              		mov	si, [bsSecPerTrack] ; Sectors per track
   277 000000FB 92                      		xchg	ax, dx
   278 000000FC 31D2                    		xor	dx, dx
   279 000000FE F7F6                    		div	si
   280 00000100 91                      		xchg	ax, cx
   281 00000101 F7F6                    		div	si
   282 00000103 42                      		inc	dx
   283 00000104 87CA                    		xchg	cx, dx
   284 00000106 F736[1A00]              		div	word [bsHeads]	; Heads
   285 0000010A 88D6                    		mov	dh, dl
   286 0000010C 88C5                    		mov	ch, al
   287 0000010E C0CC02                  		ror	ah, 2
   288 00000111 08E1                    		or	cl, ah
   289 00000113 B80102                  		mov	ax, 201h
   290 00000116 8A16[2400]              		mov	dl, [bsDriveNumber] ; Drive number (80h)
   291 0000011A CD13                    		int	13h		; BIOS Service func ( ah ) = 2
   292                                  					; Read disk sectors
   293                                  					; AL-sec num CH-track CL-sec
   294                                  					; DH-head DL-drive ES:BX-buffer
   295                                  					; CF-flag AH-stat AL-sec read
   296 0000011C 61                      		popa	; !*
   297 0000011D 72B8                    		jc	short BS_09
   298 0000011F 40                      		inc	ax
   299                                  		;add	bx, 512
   300 00000120 80C702                  	        add	bh, 2
   301 00000123 7309                    		jnc	short BS_12
   302 00000125 53                      		push	bx
   303 00000126 8CC3                    		mov	bx, es
   304                                  		;add	bx, 1000h
   305 00000128 80C710                  		add	bh, 10h
   306 0000012B 8EC3                    		mov	es, bx
   307 0000012D 5B                      		pop	bx
   308                                  BS_12:
   309                                                  ;dec	cx
   310 0000012E FEC9                                    dec	cl
   311 00000130 75B7                    		jnz	short hd_read
   312 00000132 C3                      		retn
   313                                  
   314                                  load_file:
   315                                               	; ES:BX = File Buffer
   316                                                	; AX = First Cluster Number
   317                                                	; Only for FAT12 File Systems
   318                                  
   319                                  		; 22/10/2023
   320                                  		; bp = 0FFFEh (sp)
   321                                  BS_13:	
   322                                          	;mov	[File_Cluster], ax
   323                                  		; 22/10/2023
   324 00000133 89C7                    		mov	di, ax ; file (current) cluster
   325                                  
   326 00000135 48                                      dec     ax                      ; First cluster is cluster 2
   327 00000136 48                                      dec     ax
   328                                  	
   329                                  		; 18/05/2018
   330 00000137 30ED                    		xor	ch, ch ; 0
   331 00000139 8A0E[0D00]              		mov	cl, [bsSecPerClust]
   332 0000013D F7E1                    		mul	cx
   333                                  		; 22/10/2023
   334                                  		;sub	ch, dl	; dx must be 0
   335                                  		;;cmp	ch, dl
   336                                  		;jb	short BS_16 ; > 32MB (It must not be a FAT12 file system)
   337                                  				    ; ((It is possible but nonsense!)) 	
   338                                  BS_14:
   339 0000013F 0306[4000]                              add	ax, [bsDataStart]	; Beginning sector of Data
   340                                  		; 22/10/2023
   341                                  		;jc	short BS_16
   342                                  
   343                                  		;mov	dl, [bsDriveNumber]	; Disk number (= 80h)
   344                                  	
   345 00000143 E8A3FF                  		call    hd_read
   346 00000146 723E                                    jc      short BS_16
   347                                  get_next_cluster:
   348                                  		; 22/10/2023
   349                                  		;push	bx
   350                                  		;;push	dx
   351                                                  ;mov	ax, [File_Cluster]
   352 00000148 89F8                                    mov	ax, di ; file (current) cluster
   353                                  		;mov	bx, ax
   354                                  		;; Multiply by 3
   355                                  		;;mov	dx, 3
   356                                  		;;mul	dx
   357                                                 	;add	ax, ax
   358                                  		;add	ax, bx
   359                                  		; 22/10/2023
   360 0000014A D1E8                    		shr	ax, 1  ; Divide by 2
   361                                  		;xchg	bx, ax
   362 0000014C 01F8                    		add	ax, di ; AX * 1.5 = AX + AX/2
   363                                  		; dx = 0
   364                                  		; ax = byte offset in the FAT
   365 0000014E F736[0B00]              		div	word [bsBytesPerSec]
   366                                  		; ax = FAT sector (index) number
   367                                  		; dx = offset in FAT sector buffer
   368                                  		
   369                                  		; 22/10/2023
   370 00000152 89D6                    		mov	si, dx
   371                                  		; si = offset in FAT sector buffer
   372 00000154 39E8                    		cmp	ax, bp ; previous FAT sector in the FAT buffer
   373 00000156 7405                    		je	short SplitChk ; no need to read it again
   374 00000158 E83100                  		call	NextFATSec1 ; 25/10/2023 
   375 0000015B 7229                            	jc	short BS_16
   376                                  SplitChk:
   377 0000015D B9FF7D                  		mov	cx, FAT_Buffer-1
   378 00000160 46                      		inc	si
   379 00000161 3B36[0B00]              		cmp	si, [bsBytesPerSec] ; 512 ?
   380 00000165 750F                    		jne	short ClusterOk ; jb short ClusterOk
   381                                  
   382                                  		; 24/10/2023
   383                                  		; ax = next FAT sector (at 'hd_read' return)
   384                                  
   385                                  		; mov	byte [FAT_Buffer+511] to [FatBuffer-1] (as AL)
   386                                  		
   387                                  		; 24/10/2023
   388 00000167 01CE                    		add	si, cx
   389                                  		;lodsb
   390 00000169 8A14                    		mov	dl, [si]
   391 0000016B 89CE                    		mov	si, cx
   392                                  		;mov	[si], al ; mov [7DFFh], al
   393 0000016D 8814                    		mov	[si], dl
   394                                  
   395                                  		; read next sector and then
   396                                  		; use first byte of the next sector (as AH)
   397                                  
   398                                  		; 24/10/2023		
   399                                  		;;mov	ax, bp	; 2 byte opcode
   400                                  		;xchg	ax, bp  ; 1 byte opcode
   401                                  		;inc	ax ; next FAT sector
   402                                  
   403                                  		; 25/10/2023
   404 0000016F 45                      		inc	bp
   405                                  
   406 00000170 E81F00                  		call	NextFATSec2 ; 25/10/2023
   407 00000173 7303                    		jnc	short EvenOdd  ; si = 7DFFh
   408 00000175 C3                      		retn
   409                                  ClusterOk:
   410                                  		; si = 1 to 511
   411                                  		; cx = FAT_Buffer-1
   412 00000176 01CE                    		add	si, cx
   413                                  EvenOdd:
   414 00000178 AD                      		lodsw
   415                                  		
   416                                  		; di = current cluster
   417 00000179 D1EF                    		shr	di, 1
   418 0000017B 730A                                    jnc     short BS_17
   419 0000017D B104                    		mov	cl, 4
   420 0000017F D3E8                                   	shr	ax, cl
   421                                  BS_15:
   422                                  		; 22/10/2023
   423 00000181 3DF70F                                  cmp     ax, 0FF7h
   424 00000184 72AD                    		jb	short BS_13
   425                                  		; EOCC (kernel file has been loaded successfully)
   426                                  BS_16:
   427 00000186 C3                                      retn
   428                                  BS_17:
   429 00000187 80E40F                                  and     ah, 0Fh
   430 0000018A EBF5                                    jmp     short BS_15
   431                                  
   432                                  		; 25/10/2023
   433                                  		; 22/10/2023
   434                                  NextFATSec1:
   435 0000018C 89C5                    		mov	bp, ax
   436                                  		; 25/10/2023
   437 0000018E 0306[0E00]              		add	ax, [bsResSectors]	; FAT sector LBA
   438                                  NextFATSec2:
   439 00000192 06                      		push	es ; +  ; kernel file buffer segment
   440 00000193 53                      		push	bx ; ++ ; save kernel file buffer address
   441                                  
   442 00000194 1E                      		push	ds
   443 00000195 07                      		pop	es
   444                                  
   445                                  		; 22/10/2023 ; *-*
   446                                  		;mov	bx, FAT_Buffer	
   447                                  
   448                                  		; 25/10/2023
   449                                  		;add	ax, [bsResSectors]	; FAT sector LBA
   450                                  		;sub	dx, dx ; 0
   451                                  		;mov	cl, 1			; Read 1 FAT Sector
   452                                                  ;call	hd_read
   453                                  		; 22/10/2023
   454 00000196 E84BFF                  		call	hd_read_1
   455 00000199 5B                       		pop	bx ; ++ ; restore kernel file buffer address
   456 0000019A 07                      		pop	es ; +  ; kernel file buffer segment
   457                                  
   458 0000019B C3                      		retn
   459                                  
   460                                  ; ---------------------------------------------------------------------
   461                                  	
   462                                  		; 22/10/2023
   463                                  Error_Msg:
   464 0000019C 0D0A                                    db      0Dh, 0Ah
   465                                                  ;db	'DOS Kernel Loading Error!'
   466                                  		; 22/10/2023
   467 0000019E 4572726F7221            		db	'Error!'
   468                                  
   469 000001A4 0D0A                    Replace_Msg:    db      0Dh, 0Ah
   470                                                  ;db	'Replace the disk and press a key to reboot.'
   471                                  		; 22/10/2023
   472                                  		;db	'Replace disk and hit a key to reboot.'
   473                                  		; 25/10/2023
   474 000001A6 5265706C6163652064-     		db	'Replace disk & press a key to reboot.'
   474 000001AF 69736B202620707265-
   474 000001B8 73732061206B657920-
   474 000001C1 746F207265626F6F74-
   474 000001CA 2E                 
   475 000001CB 0D0A00                  		db      0Dh, 0Ah,0
   476                                  
   477                                  		; 25/10/2023 (filler)
   478 000001CE 00                      		db	0
   479                                  
   480 000001CF 0D0A                    Loading_Msg:    db      0Dh, 0Ah
   481 000001D1 4C6F6164696E67204B-                     db	"Loading Kernel MSDOS.SYS ..."
   481 000001DA 65726E656C204D5344-
   481 000001E3 4F532E535953202E2E-
   481 000001EC 2E                 
   482 000001ED 0D0A00                                  db      0Dh, 0Ah, 0
   483                                  
   484                                  		; 24/10/2023
   485                                  ;File_Cluster:
   486 000001F0 A101                    		dw	417
   487                                  		;dw	2023
   488                                  rtsfilename:
   489 000001F2 4D53444F5320202053-     		db	'MSDOS   SYS'
   489 000001FB 5953               
   490 000001FD 00                      		db      0
   491                                  
   492                                  		times	510 - ($ - $$) db 0
   493                                  
   494 000001FE 55AA                    bootsignature:  db      55h, 0AAh
