     1                                  ; ****************************************************************************
     2                                  ; RD4HDBS.ASM - Retro DOS v4.0 FAT 16 (Hard Disk) BOOT SECTOR code
     3                                  ; ----------------------------------------------------------------------------
     4                                  ; Last Update: 24/10/2023  (Previous: 19/10/2018, Retro DOS v3 boot sector)
     5                                  ; ----------------------------------------------------------------------------
     6                                  ; Beginning: 18/10/2018 
     7                                  ; ----------------------------------------------------------------------------
     8                                  ; Assembler: NASM version 2.15
     9                                  ; ----------------------------------------------------------------------------
    10                                  ;	    ((nasm rd3hdbs.s -l rd3hdbs.lst -o RD3HDBS.BIN)) 	
    11                                  ; ----------------------------------------------------------------------------
    12                                  ; Derived from 'rd2hdbs.s' Retro DOS v2.0 FAT 12 hd boot sector source code
    13                                  ; by Erdogan Tan (19/05/2018).
    14                                  ; ****************************************************************************
    15                                  ; incbin "RD3HDBS.BIN" (in 'fat16hdi.s')
    16                                  
    17                                  notvalidfmask   equ	0018h
    18                                  
    19                                  root_dir_buff   equ	7E00h
    20                                  
    21                                  rts_segment     equ	1000h
    22                                  
    23                                  FAT_Buffer      equ	7E00h
    24                                  
    25                                  ; 24/10/2023
    26                                  root_FAT_buffer equ	7E00h 
    27                                  
    28                                  [BITS 16]
    29                                  [ORG 7C00h]
    30 00000000 EB46                                    jmp     short BS_01
    31 00000002 90                                      nop
    32                                  
    33                                  ; BootSector Identification (Data) Block
    34                                  
    35 00000003 524554524F444F53        bsOemName:      db 'RETRODOS'          
    36 0000000B 0002                    bsBytesPerSec:  dw 512
    37 0000000D 04                      bsSecPerClust:  db 4
    38 0000000E 0100                    bsResSectors:   dw 1
    39 00000010 02                      bsFATs:         db 2
    40 00000011 0002                    bsRootDirEnts:  dw 512
    41 00000013 0000                    bsSectors:      dw 0
    42 00000015 F8                      bsMedia:        db 0F8h
    43 00000016 3F00                    bsFATsecs:      dw 63
    44 00000018 3F00                    bsSecPerTrack:  dw 63
    45 0000001A 1000                    bsHeads:        dw 16
    46 0000001C 3F00                    bsHidden1:      dw 63
    47 0000001E 0000                    bsHidden2:      dw 0
    48 00000020 00000000                bsHugeSectors:  dd 0
    49 00000024 80                      bsDriveNumber:  db 80h
    50 00000025 00                      bsReserved1:    db 0
    51 00000026 29                      bsBpbSignature: db 29h                 
    52 00000027 00000000                bsVolumeID:     dd 0
    53 0000002B 4E4F204E414D452020-     bsVolumeLabel:  db 'NO NAME    '
    53 00000034 2020               
    54 00000036 4641543136202020        bsFileSysType:  db 'FAT16   '
    55                                  ;;bsReserved2:	dw 'v2'	; Retro DOS 2.0 ; 27/03/2018 
    56                                  ;bsReserved2:	dw 'v3'	; Retro DOS 3.0 ; 18/10/2018 
    57 0000003E 7634                    bsReserved2:	dw 'v4'	; Retro DOS 4.0 ; 21/10/2023 
    58                                  ; Retro DOS 1.0 Extensions
    59                                  ;bsReserved2:	dw 'v1'
    60 00000040 9F00                    bsDataStart:    dw 159
    61 00000042 7F00                    bsRootDirStart:	dw 127
    62 00000044 2000                    bsRootDirSects:	dw 32
    63                                  ; 22/10/2023
    64 00000046 1000                    bsDirEntsPerSec: dw 16
    65                                  
    66                                  		; Erdogan Tan - 21/10/2023  
    67                                  		; Retro DOS v4.0 v4.1 v4.2 (FAT16 FS) combined kernel loader
    68                                  BS_01:
    69 00000048 8CC8                                    mov	ax, cs
    70 0000004A 8ED8                    		mov	ds, ax
    71 0000004C 8EC0                    		mov	es, ax
    72                                  		
    73 0000004E FA                      		cli
    74 0000004F 8ED0                    		mov	ss, ax
    75 00000051 BCFEFF                  		mov     sp, 0FFFEh
    76 00000054 FB                      		sti
    77                                  
    78                                  		; 24/10/2023
    79                                  		; 21/10/2023
    80                                  		;mov	bp, sp
    81                                  
    82                                  		; overwrite hd drive number !
    83 00000055 8816[2400]                              mov	[bsDriveNumber], dl 	; drive number from INT 19h
    84                                  						; (DL = 80h)
    85                                  		; 24/10/2023
    86                                  		; Retro DOS v3.0 - 19/10/2018
    87                                  		;mov	dx, [bsSectors]
    88                                  		;and	dx, dx
    89                                  		;jz	short BS_02
    90                                  		;
    91                                  		;mov	[bsHugeSectors], dx
    92                                  		;xor	dx, dx
    93                                  		;;mov	[bsHugeSectors+2], dx
    94                                  ;BS_02:
    95 00000059 A1[4200]                		mov	ax, [bsRootDirStart]	; Root Dir Location
    96                                  		; 24/10/2023
    97 0000005C 8B2E[4400]              		mov	bp, [bsRootDirSects]
    98                                  BS_02:		; 24/10/2023
    99                                  		; 22/10/2023
   100                                  		;;mov	cl, [bsRootDirSects]	; Root Directory Sectors
   101                                  		;mov	cl, 1	; read 1 root dir sector
   102                                  		;mov	bx, root_dir_buff       ; Destination offset = 7E00h
   103                                                  ;mov	si, bx
   104                                  		; 24/10/2023        
   105 00000060 E88500                  		call	hd_read_1
   106                                  	        ;call	hd_read
   107 00000063 7227                    		jc      short BS_05		; Disk read error message
   108                                  
   109                                  		; 24/10/2023
   110                                  		; ax = next root directory sector
   111                                       
   112                                  		; 22/10/2023
   113                                  		;mov	bx, [bsRootDirEnts]	; Number of root dir entries
   114 00000065 8B1E[4600]              		mov	bx, [bsDirEntsPerSec]
   115                                  		; 24/10/2023
   116 00000069 BE007E                  		mov	si, root_dir_buff
   117                                  BS_03:       
   118                                  		; 24/10/2023
   119 0000006C 3814                    		cmp	[si], dl ; dx = 0
   120                                  		;cmp	byte [si], 0		; Is it null entry?
   121 0000006E 7417                                    je      short BS_04_ERR		; Jump if zero ( = )
   122                                  
   123 00000070 B90B00                  		mov     cx, 11			; Size of file/directory name
   124 00000073 56                                      push    si
   125 00000074 BF[F201]                                mov     di, rtsfilename   
   126 00000077 F3A6                                    repe    cmpsb                   ; Repeat if ZF = 1, CX > 0
   127                                  						; Cmp byte DS:SI with ES:DI
   128 00000079 5E                                      pop	si
   129 0000007A 741C                                    je      short BS_07		; If the file name found
   130 0000007C 4B                                      dec     bx                    
   131 0000007D 7405                                    jz      short BS_04		; Jump if no next entry
   132 0000007F 83C620                                  add     si, 32                  ; To next directory entry
   133 00000082 EBE8                                    jmp     short BS_03             ; Jump for next sector
   134                                  
   135                                  BS_04:
   136                                  		; 22/10/2023
   137                                  		;dec	word [bsRootDirSects]
   138                                  		;jz	short BS_04_ERR
   139                                  		;inc	word [bsRootDirStart]
   140                                  		;jmp	short BS_02
   141                                  		; 24/10/2023
   142 00000084 4D                      		dec	bp  	
   143 00000085 75D9                    		jnz	short BS_02
   144                                  BS_04_ERR:
   145 00000087 BE[8E01]                                mov     si, Replace_Msg
   146 0000008A EB03                                    jmp     short BS_06
   147                                  BS_05:      
   148 0000008C BE[8601]                                mov     si, Error_Msg
   149                                  BS_06:          
   150 0000008F E83B00                                  call    print_msg
   151                                  
   152 00000092 31C0                                    xor	ax, ax
   153 00000094 CD16                    		int	16h			; BIOS Service func ( ah ) = 0
   154                                  						; Read next kbd char
   155                                  						; AH-scan code AL-char code
   156 00000096 CD19                    		int	19h			; Reboot
   157                                  
   158                                  BS_07:
   159                                                  ;mov	al, [si+0Bh]		; Move attributes byte to BL
   160                                                  ;and	al, notvalidfmask       ; Is it a file, really?
   161                                                  ; 24/10/2023
   162 00000098 F6440B18                		test	byte [si+0Bh], notvalidfmask
   163 0000009C 75E9                    		jnz	short BS_04_ERR		; Jump if not
   164 0000009E 8B441A                                  mov	ax, [si+1Ah]		; First cluster of the file
   165 000000A1 83F802                                  cmp	ax, 2                   ; Start cluster
   166 000000A4 72E6                                    jb	short BS_05
   167                                  
   168                                    		;mov	[bsReserved2], ax	; Save the first cluster
   169                                  		; 21/10/2023
   170 000000A6 50                      		push	ax 	
   171                                  
   172                                  		; Load  RTS (Kernel) file
   173 000000A7 BE[CF01]                                mov     si, Loading_Msg
   174 000000AA E82000                                  call    print_msg
   175                                  
   176                                  		; 21/10/2023
   177                                  		; Load FAT
   178                                                  ;;mov	ax, 1
   179                                  		;mov	ax, [bsResSectors]	; FAT Location
   180                                  		; 21/10/2023
   181                                  		; loading entire FAT is not proper for big FAT16 fs
   182                                  		; also FAT buffer (at 7E00h) will overlap stack (at 0:7FFEh)
   183                                  		; if fat sectors > 64.
   184                                  		;mov	cl, [bsFATsecs]		; FAT Sectors
   185                                  		;mov	bx, FAT_Buffer
   186                                                  ;call	hd_read
   187                                                  ;jc	short BS_05
   188                                  
   189                                  		; 21/10/2023
   190 000000AD 58                      		pop	ax	
   191                                  		;mov	ax, [bsReserved2]	; The First cluster
   192 000000AE BB0010                                  mov     bx, rts_segment
   193 000000B1 8EC3                                    mov     es, bx
   194 000000B3 31DB                                    xor     bx, bx
   195 000000B5 E87F00                                  call    load_file
   196 000000B8 72D2                                    jc      short BS_05
   197                                  
   198                                  		; Launch RTS (Kernel)
   199                                     		;mov	ax, es
   200                                  		;cli
   201                                                  ;mov	ss, ax
   202                                                  ;mov	sp, 0FFFEh
   203                                                  ;sti
   204                                                  ;mov	dl, [bsDriveNumber]
   205                                                  ;mov	ax, rts_segment ; 1000h ; 60h
   206                                                  ;mov	ds, ax
   207                                                  ;mov	es, ax
   208                                               
   209 000000BA BD007C                  		mov 	bp, 7C00h
   210                                  
   211                                  		; Retro DOS 3.0 ; 19/10/2018
   212 000000BD 8A16[2400]              		mov	dl, [bsDriveNumber]
   213                                  		; Retro DOS 2.0 ; 27/03/2018
   214 000000C1 8A36[1500]              		mov	dh, [bsMedia]
   215 000000C5 A1[1300]                		mov	ax, [bsSectors]
   216                                  
   217 000000C8 EA00000010              		jmp	rts_segment:0
   218                                  
   219                                                  ;db	0EAh
   220                                                  ;dw	0
   221                                                  ;dw	rts_segment
   222                                  
   223                                  print_msg:
   224                                  BS_08:
   225 000000CD AC                      		lodsb			; Load byte at DS:SI to AL
   226 000000CE 20C0                                    and     al, al            
   227 000000D0 7415                                    jz	short BS_10	; If AL = 00h then stop
   228                                  
   229 000000D2 B40E                                    mov     ah, 0Eh
   230 000000D4 BB0700                                  mov     bx, 07h             
   231 000000D7 CD10                    		int	10h		; BIOS Service func ( ah ) = 0Eh
   232                                  					; Write char as TTY
   233                                  					; AL-char BH-page BL-color
   234 000000D9 EBF2                                    jmp     short BS_08
   235                                  
   236                                  BS_09:     
   237 000000DB FECD                                    dec	ch  ; dec byte [RetryCount]
   238 000000DD 7408                    		jz	short BS_10 ; cf = 1
   239                                  		
   240                                  		; 24/10/2023
   241 000000DF 50                      		push	ax
   242 000000E0 31C0                    		xor	ax, ax
   243                                  		; ah = 0 ; INT 13h reset function
   244 000000E2 CD13                    		int	13h
   245 000000E4 58                      		pop	ax
   246 000000E5 730A                    		jnc	short BS_11
   247                                  BS_10:
   248 000000E7 C3                      		retn
   249                                  
   250                                  hd_read_1:
   251                                  		; 24/10/2023
   252 000000E8 B101                    		mov	cl, 1	; read 1 sector (only)
   253 000000EA BB007E                  		mov	bx, root_FAT_buffer ; *-* ; 7E00h
   254 000000ED 31D2                    		xor	dx, dx  ; 0
   255                                  hd_read:
   256                                                  ; Only for FAT16 file systems !
   257                                  		
   258                                  		; 19/10/2018
   259                                  		
   260                                  		; DX:AX = LBA address (as partition offset)
   261                                  		; CL = sector count
   262                                  		; ES:BX = buffer address
   263                                                  
   264 000000EF B504                    		mov	ch, 4 ; mov byte [RetryCount], 4
   265                                  BS_11:
   266 000000F1 60                      		pusha	; !*
   267                                  
   268 000000F2 0306[1C00]              		add	ax, [bsHidden1]
   269 000000F6 1316[1E00]              		adc	dx, [bsHidden2]
   270                                  
   271                                  		; DX:AX = LBA address (as physical address)
   272                                  
   273 000000FA 91                      		xchg	cx, ax
   274 000000FB 8B36[1800]              		mov	si, [bsSecPerTrack] ; Sectors per track
   275 000000FF 92                      		xchg	ax, dx
   276 00000100 31D2                    		xor	dx, dx
   277 00000102 F7F6                    		div	si
   278 00000104 91                      		xchg	ax, cx
   279 00000105 F7F6                    		div	si
   280 00000107 42                      		inc	dx
   281 00000108 87CA                    		xchg	cx, dx
   282 0000010A F736[1A00]              		div	word [bsHeads]	; Heads
   283 0000010E 88D6                    		mov	dh, dl
   284 00000110 88C5                    		mov	ch, al
   285 00000112 C0CC02                  		ror	ah, 2
   286 00000115 08E1                    		or	cl, ah
   287 00000117 B80102                  		mov	ax, 201h
   288 0000011A 8A16[2400]              		mov	dl, [bsDriveNumber] ; Drive number (80h)
   289 0000011E CD13                    		int	13h		; BIOS Service func ( ah ) = 2
   290                                  					; Read disk sectors
   291                                  					; AL-sec num CH-track CL-sec
   292                                  					; DH-head DL-drive ES:BX-buffer
   293                                  					; CF-flag AH-stat AL-sec read
   294 00000120 61                      		popa	; !*
   295 00000121 72B8                    		jc	short BS_09
   296                                  
   297 00000123 40                      		inc	ax
   298                                  
   299                                  		;add	bx, 512
   300 00000124 80C702                  	        add	bh, 2
   301 00000127 7309                    		jnc	short BS_12
   302 00000129 53                      		push	bx
   303 0000012A 8CC3                    		mov	bx, es
   304                                  		;add	bx, 1000h
   305 0000012C 80C710                  		add	bh, 10h
   306 0000012F 8EC3                    		mov	es, bx
   307 00000131 5B                      		pop	bx
   308                                  BS_12:
   309                                                  ;dec	cx
   310 00000132 FEC9                                    dec	cl
   311 00000134 75B9                    		jnz	short hd_read
   312 00000136 C3                      		retn
   313                                  
   314                                  load_file:
   315                                               	; ES:BX = File Buffer
   316                                                	; AX = First Cluster Number
   317                                                	; Only for FAT16 File Systems	; 19/10/2018
   318                                  
   319                                  		; 21/10/2023
   320                                  		; bp = 0FFFEh (sp)
   321                                  		; 24/10/2023
   322 00000137 89E5                    		mov	bp, sp ; 0FFFEh
   323                                  BS_13:
   324                                                  ;mov	[File_Cluster], ax
   325                                  		; 21/10/2023
   326 00000139 89C7                    		mov	di, ax ; file (current) cluster
   327                                  
   328 0000013B 48                      		dec     ax                      ; First cluster is cluster 2
   329 0000013C 48                                      dec     ax
   330                                  	
   331                                  		; 18/05/2018
   332 0000013D 30ED                    		xor	ch, ch
   333 0000013F 8A0E[0D00]              		mov	cl, [bsSecPerClust]
   334 00000143 F7E1                    		mul	cx
   335                                  BS_14:
   336 00000145 0306[4000]                              add	ax, [bsDataStart]	; Beginning sector of Data
   337 00000149 83D200                  		adc	dx, 0 ; 19/10/2018
   338                                  		;mov	dl, [bsDriveNumber]	; Disk number (= 80h)
   339                                  	
   340 0000014C E8A0FF                  		call    hd_read
   341 0000014F 722E                                    jc      short BS_16
   342                                  get_next_cluster:
   343                                  		; 21/10/2023
   344 00000151 8B0E[0B00]              		mov	cx, [bsBytesPerSec]
   345 00000155 D1E9                    		shr	cx, 1
   346                                  		; cx = clusters per FAT sector 
   347 00000157 31D2                    		xor	dx, dx
   348                                  		;mov	ax, [File_Cluster]
   349 00000159 89F8                    		mov	ax, di ; file (current) cluster
   350 0000015B F7F1                    		div	cx	
   351                                  		; ax = sector
   352 0000015D D1E2                    		shl	dx, 1 ; convert index to offset
   353                                  		; dx = offset
   354 0000015F BE007E                  		mov	si, FAT_Buffer
   355 00000162 01D6                    		add	si, dx
   356                                  
   357 00000164 39E8                    		cmp	ax, bp	; previous FAT sector in the FAT buffer
   358 00000166 7411                    		je	short BS_15 ; no need to read FAT sector again
   359 00000168 89C5                    		mov	bp, ax
   360                                  
   361 0000016A 06                      		push	es ; ** ; kernel file buffer segment
   362 0000016B 53                      		push	bx ; * ; save kernel file buffer address
   363                                  
   364 0000016C 1E                      		push	ds
   365 0000016D 07                      		pop	es
   366                                  		
   367                                  		; 24/10/2023
   368                                  		;mov	bx, FAT_Buffer	
   369                                  
   370 0000016E 0306[0E00]              		add	ax, [bsResSectors]	; FAT sector LBA
   371                                  		; 24/10/2023
   372                                  		; 22/10/2023
   373                                  		;sub	dx, dx ; 0
   374                                  			; hw of the FAT sec is always zero for FAT16 fs
   375                                   
   376                                  		; 24/10/2023
   377                                  		;mov	cl, 1			; Read 1 FAT Sector
   378                                  		;;mov	bx, FAT_Buffer
   379                                                  ;call	hd_read
   380 00000172 E873FF                  		call	hd_read_1
   381                                  
   382 00000175 5B                      		pop	bx ; * ; restore kernel file buffer address
   383 00000176 07                      		pop	es ; ** ; kernel file buffer segment
   384 00000177 7206                                    jc      short BS_16
   385                                  BS_15:
   386                                  		; 21/10/2023
   387                                  		; 19/10/2018
   388                                  		;push	bx
   389                                                  ;mov	bx, [File_Cluster]
   390                                  		;shl	bx, 1 ; *2
   391                                  		; bx = FAT_Buffer = 7E00h
   392                                  
   393                                                  ; BX = Buffer Byte Offset
   394                                                  ; AX = Current Cluster
   395                                  		;mov	ax, [FAT_Buffer+bx]
   396                                  		; 21/10/2023
   397 00000179 AD                      		lodsw		
   398                                  
   399                                  		;pop	bx
   400 0000017A 83F8F7                                  cmp     ax, 0FFF7h	; 0FFF7h = Bad cluster (stop!)
   401                                  					; >= 0FFF8h = End of file
   402 0000017D 72BA                    		jb	short BS_13
   403                                  
   404                                  		; EOCC (kernel file has been loaded successfully)
   405                                  BS_16:
   406 0000017F C3                                      retn
   407                                  
   408                                  		; 24/10/2023 ; Filler
   409 00000180 00                      		db	0
   410 00000181 18                      		db	24
   411 00000182 0A                      		db	10
   412 00000183 E707                    		dw	2023
   413 00000185 00                      		db	0
   414                                  Error_Msg:
   415 00000186 0D0A                    		db	0Dh, 0Ah
   416                                  		;;db	'DOS Kernel Loading Error!'
   417                                  		; 21/10/2023
   418                                  		;db	'Disk read error!'
   419                                  		; 22/10/2023
   420 00000188 4572726F7221            		db	'Error!'
   421                                  Replace_Msg:
   422 0000018E 0D0A                    		db 	0Dh, 0Ah
   423 00000190 5265706C6163652074-     		db	'Replace the disk and press any key to reboot.'
   423 00000199 6865206469736B2061-
   423 000001A2 6E6420707265737320-
   423 000001AB 616E79206B65792074-
   423 000001B4 6F207265626F6F742E 
   424                                  		; 21/10/2023
   425                                  		;db	'Replace the disk and press a key to reboot.'
   426 000001BD 0D0A00                                  db      0Dh, 0Ah,0
   427                                  
   428                                  		; 21/10/2023
   429                                  ;Reserved3:	db	20h
   430                                  ;RetryCount:	db      18h
   431                                  
   432                                  		; 24/10/2023 ; Filler
   433 000001C0 524476342046415431-     		db	'RDv4 FAT16 06h'
   433 000001C9 3620303668         
   434 000001CE 00                      		db	0
   435                                  
   436 000001CF 0D0A                    Loading_Msg:    db      0Dh, 0Ah
   437 000001D1 4C6F6164696E67204B-                     db      "Loading Kernel MSDOS.SYS ..."
   437 000001DA 65726E656C204D5344-
   437 000001E3 4F532E535953202E2E-
   437 000001EC 2E                 
   438 000001ED 0D0A00                                  db      0Dh, 0Ah, 0
   439                                  
   440                                  		; Filler
   441                                  		;db	'RETRODOS.SYS'
   442                                  		;db	0
   443                                  
   444                                  ;File_Cluster:	; 22/10/2023
   445 000001F0 A101                    		dw	417
   446                                  		; 21/10/2023
   447                                  		;dw	2023
   448                                  
   449                                  rtsfilename:
   450 000001F2 4D53444F5320202053-     		db	'MSDOS   SYS'
   450 000001FB 5953               
   451 000001FD 00                      		db      0
   452                                  
   453                                  		times	510 - ($ - $$) db 0
   454                                  
   455 000001FE 55AA                    bootsignature:  db      55h, 0AAh
